::1 - - [09/Feb/2022:11:40:16 +0000] "GET / HTTP/1.1" 304 - "-" "Mozilla/5.0 (Macintosh; Intel Mac OS X 10_15_7) AppleWebKit/537.36 (KHTML, like Gecko) Chrome/98.0.4758.80 Safari/537.36"
::1 - - [09/Feb/2022:11:41:39 +0000] "GET /match/contest?id=2555859&homeTeamName=dolphins&awayTeamName=warriors HTTP/1.1" 200 42855 "http://localhost:8000/" "Mozilla/5.0 (Macintosh; Intel Mac OS X 10_15_7) AppleWebKit/537.36 (KHTML, like Gecko) Chrome/98.0.4758.80 Safari/537.36"
::1 - - [09/Feb/2022:12:11:55 +0000] "GET /match/contest?id=2555859&homeTeamName=dolphins&awayTeamName=warriors HTTP/1.1" 200 42855 "http://localhost:8000/" "Mozilla/5.0 (Macintosh; Intel Mac OS X 10_15_7) AppleWebKit/537.36 (KHTML, like Gecko) Chrome/98.0.4758.80 Safari/537.36"
::1 - - [09/Feb/2022:12:11:56 +0000] "GET /css/layout.css HTTP/1.1" 404 153 "http://localhost:8000/match/contest?id=2555859&homeTeamName=dolphins&awayTeamName=warriors" "Mozilla/5.0 (Macintosh; Intel Mac OS X 10_15_7) AppleWebKit/537.36 (KHTML, like Gecko) Chrome/98.0.4758.80 Safari/537.36"
::1 - - [09/Feb/2022:12:11:56 +0000] "GET /css/header.css HTTP/1.1" 404 153 "http://localhost:8000/match/contest?id=2555859&homeTeamName=dolphins&awayTeamName=warriors" "Mozilla/5.0 (Macintosh; Intel Mac OS X 10_15_7) AppleWebKit/537.36 (KHTML, like Gecko) Chrome/98.0.4758.80 Safari/537.36"
::1 - - [09/Feb/2022:12:11:56 +0000] "GET /css/footer.css HTTP/1.1" 404 153 "http://localhost:8000/match/contest?id=2555859&homeTeamName=dolphins&awayTeamName=warriors" "Mozilla/5.0 (Macintosh; Intel Mac OS X 10_15_7) AppleWebKit/537.36 (KHTML, like Gecko) Chrome/98.0.4758.80 Safari/537.36"
::1 - - [09/Feb/2022:12:11:56 +0000] "GET /css/leaderboard.css HTTP/1.1" 404 158 "http://localhost:8000/match/contest?id=2555859&homeTeamName=dolphins&awayTeamName=warriors" "Mozilla/5.0 (Macintosh; Intel Mac OS X 10_15_7) AppleWebKit/537.36 (KHTML, like Gecko) Chrome/98.0.4758.80 Safari/537.36"
::1 - - [09/Feb/2022:12:11:56 +0000] "GET /css/contest-card.css HTTP/1.1" 404 159 "http://localhost:8000/match/contest?id=2555859&homeTeamName=dolphins&awayTeamName=warriors" "Mozilla/5.0 (Macintosh; Intel Mac OS X 10_15_7) AppleWebKit/537.36 (KHTML, like Gecko) Chrome/98.0.4758.80 Safari/537.36"
::1 - - [09/Feb/2022:12:11:56 +0000] "GET /js/contest-card.js HTTP/1.1" 404 157 "http://localhost:8000/match/contest?id=2555859&homeTeamName=dolphins&awayTeamName=warriors" "Mozilla/5.0 (Macintosh; Intel Mac OS X 10_15_7) AppleWebKit/537.36 (KHTML, like Gecko) Chrome/98.0.4758.80 Safari/537.36"
::1 - - [09/Feb/2022:12:12:19 +0000] "GET /users/sign-out HTTP/1.1" 302 58 "http://localhost:8000/match/contest?id=2555859&homeTeamName=dolphins&awayTeamName=warriors" "Mozilla/5.0 (Macintosh; Intel Mac OS X 10_15_7) AppleWebKit/537.36 (KHTML, like Gecko) Chrome/98.0.4758.80 Safari/537.36"
::1 - - [09/Feb/2022:12:12:19 +0000] "GET /users/sign-in HTTP/1.1" 302 88 "http://localhost:8000/match/contest?id=2555859&homeTeamName=dolphins&awayTeamName=warriors" "Mozilla/5.0 (Macintosh; Intel Mac OS X 10_15_7) AppleWebKit/537.36 (KHTML, like Gecko) Chrome/98.0.4758.80 Safari/537.36"
::1 - - [09/Feb/2022:12:12:20 +0000] "GET / HTTP/1.1" 200 11919 "http://localhost:8000/match/contest?id=2555859&homeTeamName=dolphins&awayTeamName=warriors" "Mozilla/5.0 (Macintosh; Intel Mac OS X 10_15_7) AppleWebKit/537.36 (KHTML, like Gecko) Chrome/98.0.4758.80 Safari/537.36"
::1 - - [09/Feb/2022:12:12:20 +0000] "GET /css/layout.css HTTP/1.1" 404 153 "http://localhost:8000/" "Mozilla/5.0 (Macintosh; Intel Mac OS X 10_15_7) AppleWebKit/537.36 (KHTML, like Gecko) Chrome/98.0.4758.80 Safari/537.36"
::1 - - [09/Feb/2022:12:12:20 +0000] "GET /css/footer.css HTTP/1.1" 404 153 "http://localhost:8000/" "Mozilla/5.0 (Macintosh; Intel Mac OS X 10_15_7) AppleWebKit/537.36 (KHTML, like Gecko) Chrome/98.0.4758.80 Safari/537.36"
::1 - - [09/Feb/2022:12:12:20 +0000] "GET /css/header.css HTTP/1.1" 404 153 "http://localhost:8000/" "Mozilla/5.0 (Macintosh; Intel Mac OS X 10_15_7) AppleWebKit/537.36 (KHTML, like Gecko) Chrome/98.0.4758.80 Safari/537.36"
::1 - - [09/Feb/2022:12:12:20 +0000] "GET /js/card.js HTTP/1.1" 404 149 "http://localhost:8000/" "Mozilla/5.0 (Macintosh; Intel Mac OS X 10_15_7) AppleWebKit/537.36 (KHTML, like Gecko) Chrome/98.0.4758.80 Safari/537.36"
::1 - - [09/Feb/2022:12:12:20 +0000] "GET /css/match-card.css HTTP/1.1" 404 157 "http://localhost:8000/" "Mozilla/5.0 (Macintosh; Intel Mac OS X 10_15_7) AppleWebKit/537.36 (KHTML, like Gecko) Chrome/98.0.4758.80 Safari/537.36"
::1 - - [09/Feb/2022:12:12:23 +0000] "GET /users/sign-out HTTP/1.1" 302 58 "http://localhost:8000/" "Mozilla/5.0 (Macintosh; Intel Mac OS X 10_15_7) AppleWebKit/537.36 (KHTML, like Gecko) Chrome/98.0.4758.80 Safari/537.36"
::1 - - [09/Feb/2022:12:12:24 +0000] "GET /users/sign-in HTTP/1.1" 200 3426 "http://localhost:8000/" "Mozilla/5.0 (Macintosh; Intel Mac OS X 10_15_7) AppleWebKit/537.36 (KHTML, like Gecko) Chrome/98.0.4758.80 Safari/537.36"
::1 - - [09/Feb/2022:12:12:24 +0000] "GET /css/layout.css HTTP/1.1" 404 153 "http://localhost:8000/users/sign-in" "Mozilla/5.0 (Macintosh; Intel Mac OS X 10_15_7) AppleWebKit/537.36 (KHTML, like Gecko) Chrome/98.0.4758.80 Safari/537.36"
::1 - - [09/Feb/2022:12:12:24 +0000] "GET /css/header.css HTTP/1.1" 404 153 "http://localhost:8000/users/sign-in" "Mozilla/5.0 (Macintosh; Intel Mac OS X 10_15_7) AppleWebKit/537.36 (KHTML, like Gecko) Chrome/98.0.4758.80 Safari/537.36"
::1 - - [09/Feb/2022:12:12:24 +0000] "GET /css/footer.css HTTP/1.1" 404 153 "http://localhost:8000/users/sign-in" "Mozilla/5.0 (Macintosh; Intel Mac OS X 10_15_7) AppleWebKit/537.36 (KHTML, like Gecko) Chrome/98.0.4758.80 Safari/537.36"
::1 - - [09/Feb/2022:12:12:24 +0000] "GET /css/sign_in.css HTTP/1.1" 404 154 "http://localhost:8000/users/sign-in" "Mozilla/5.0 (Macintosh; Intel Mac OS X 10_15_7) AppleWebKit/537.36 (KHTML, like Gecko) Chrome/98.0.4758.80 Safari/537.36"
::1 - - [09/Feb/2022:12:12:24 +0000] "GET /js/forget-password.js HTTP/1.1" 404 160 "http://localhost:8000/users/sign-in" "Mozilla/5.0 (Macintosh; Intel Mac OS X 10_15_7) AppleWebKit/537.36 (KHTML, like Gecko) Chrome/98.0.4758.80 Safari/537.36"
::1 - - [09/Feb/2022:12:13:12 +0000] "GET /css/layout.css HTTP/1.1" 404 153 "http://localhost:8000/users/sign-in" "Mozilla/5.0 (Macintosh; Intel Mac OS X 10_15_7) AppleWebKit/537.36 (KHTML, like Gecko) Chrome/98.0.4758.80 Safari/537.36"
::1 - - [09/Feb/2022:12:13:12 +0000] "GET /css/header.css HTTP/1.1" 404 153 "http://localhost:8000/users/sign-in" "Mozilla/5.0 (Macintosh; Intel Mac OS X 10_15_7) AppleWebKit/537.36 (KHTML, like Gecko) Chrome/98.0.4758.80 Safari/537.36"
::1 - - [09/Feb/2022:12:13:12 +0000] "GET /css/footer.css HTTP/1.1" 404 153 "http://localhost:8000/users/sign-in" "Mozilla/5.0 (Macintosh; Intel Mac OS X 10_15_7) AppleWebKit/537.36 (KHTML, like Gecko) Chrome/98.0.4758.80 Safari/537.36"
::1 - - [09/Feb/2022:12:13:12 +0000] "GET /css/sign_in.css HTTP/1.1" 404 154 "http://localhost:8000/users/sign-in" "Mozilla/5.0 (Macintosh; Intel Mac OS X 10_15_7) AppleWebKit/537.36 (KHTML, like Gecko) Chrome/98.0.4758.80 Safari/537.36"
::1 - - [09/Feb/2022:12:54:36 +0000] "GET /users/sign-in HTTP/1.1" 200 3138 "http://localhost:8000/" "Mozilla/5.0 (Macintosh; Intel Mac OS X 10_15_7) AppleWebKit/537.36 (KHTML, like Gecko) Chrome/98.0.4758.80 Safari/537.36"
::1 - - [09/Feb/2022:12:54:36 +0000] "GET /undefined HTTP/1.1" 404 148 "http://localhost:8000/users/sign-in" "Mozilla/5.0 (Macintosh; Intel Mac OS X 10_15_7) AppleWebKit/537.36 (KHTML, like Gecko) Chrome/98.0.4758.80 Safari/537.36"
::1 - - [09/Feb/2022:12:54:36 +0000] "GET /css/sign_in.css HTTP/1.1" 404 154 "http://localhost:8000/users/sign-in" "Mozilla/5.0 (Macintosh; Intel Mac OS X 10_15_7) AppleWebKit/537.36 (KHTML, like Gecko) Chrome/98.0.4758.80 Safari/537.36"
::1 - - [09/Feb/2022:12:54:37 +0000] "GET /js/forget-password.js HTTP/1.1" 404 160 "http://localhost:8000/users/sign-in" "Mozilla/5.0 (Macintosh; Intel Mac OS X 10_15_7) AppleWebKit/537.36 (KHTML, like Gecko) Chrome/98.0.4758.80 Safari/537.36"
::1 - - [09/Feb/2022:12:54:47 +0000] "GET / HTTP/1.1" 302 114 "-" "Mozilla/5.0 (Macintosh; Intel Mac OS X 10_15_7) AppleWebKit/537.36 (KHTML, like Gecko) Chrome/98.0.4758.80 Safari/537.36"
::1 - - [09/Feb/2022:12:54:47 +0000] "GET /users/sign-in HTTP/1.1" 304 - "-" "Mozilla/5.0 (Macintosh; Intel Mac OS X 10_15_7) AppleWebKit/537.36 (KHTML, like Gecko) Chrome/98.0.4758.80 Safari/537.36"
::1 - - [09/Feb/2022:12:54:48 +0000] "GET /undefined HTTP/1.1" 404 148 "http://localhost:8000/users/sign-in" "Mozilla/5.0 (Macintosh; Intel Mac OS X 10_15_7) AppleWebKit/537.36 (KHTML, like Gecko) Chrome/98.0.4758.80 Safari/537.36"
::1 - - [09/Feb/2022:12:54:48 +0000] "GET /css/sign_in.css HTTP/1.1" 404 154 "http://localhost:8000/users/sign-in" "Mozilla/5.0 (Macintosh; Intel Mac OS X 10_15_7) AppleWebKit/537.36 (KHTML, like Gecko) Chrome/98.0.4758.80 Safari/537.36"
::1 - - [09/Feb/2022:12:54:48 +0000] "GET /js/forget-password.js HTTP/1.1" 404 160 "http://localhost:8000/users/sign-in" "Mozilla/5.0 (Macintosh; Intel Mac OS X 10_15_7) AppleWebKit/537.36 (KHTML, like Gecko) Chrome/98.0.4758.80 Safari/537.36"
::1 - - [09/Feb/2022:12:54:48 +0000] "GET /css/sign_in.css HTTP/1.1" 404 154 "http://localhost:8000/users/sign-in" "Mozilla/5.0 (Macintosh; Intel Mac OS X 10_15_7) AppleWebKit/537.36 (KHTML, like Gecko) Chrome/98.0.4758.80 Safari/537.36"
::1 - - [09/Feb/2022:12:54:48 +0000] "GET /undefined HTTP/1.1" 404 148 "http://localhost:8000/users/sign-in" "Mozilla/5.0 (Macintosh; Intel Mac OS X 10_15_7) AppleWebKit/537.36 (KHTML, like Gecko) Chrome/98.0.4758.80 Safari/537.36"
::1 - - [09/Feb/2022:12:54:48 +0000] "GET /js/forget-password.js HTTP/1.1" 404 160 "http://localhost:8000/users/sign-in" "Mozilla/5.0 (Macintosh; Intel Mac OS X 10_15_7) AppleWebKit/537.36 (KHTML, like Gecko) Chrome/98.0.4758.80 Safari/537.36"
::1 - - [09/Feb/2022:12:54:50 +0000] "GET /undefined HTTP/1.1" 404 148 "http://localhost:8000/users/sign-in" "Mozilla/5.0 (Macintosh; Intel Mac OS X 10_15_7) AppleWebKit/537.36 (KHTML, like Gecko) Chrome/98.0.4758.80 Safari/537.36"
::1 - - [09/Feb/2022:12:54:50 +0000] "GET /css/sign_in.css HTTP/1.1" 404 154 "http://localhost:8000/users/sign-in" "Mozilla/5.0 (Macintosh; Intel Mac OS X 10_15_7) AppleWebKit/537.36 (KHTML, like Gecko) Chrome/98.0.4758.80 Safari/537.36"
::1 - - [09/Feb/2022:12:55:35 +0000] "GET /users/sign-in HTTP/1.1" 200 3186 "-" "Mozilla/5.0 (Macintosh; Intel Mac OS X 10_15_7) AppleWebKit/537.36 (KHTML, like Gecko) Chrome/98.0.4758.80 Safari/537.36"
::1 - - [09/Feb/2022:12:55:35 +0000] "GET /css/sign_in.css HTTP/1.1" 404 154 "http://localhost:8000/users/sign-in" "Mozilla/5.0 (Macintosh; Intel Mac OS X 10_15_7) AppleWebKit/537.36 (KHTML, like Gecko) Chrome/98.0.4758.80 Safari/537.36"
::1 - - [09/Feb/2022:12:55:35 +0000] "GET /js/forget-password.js HTTP/1.1" 404 160 "http://localhost:8000/users/sign-in" "Mozilla/5.0 (Macintosh; Intel Mac OS X 10_15_7) AppleWebKit/537.36 (KHTML, like Gecko) Chrome/98.0.4758.80 Safari/537.36"
::1 - - [09/Feb/2022:12:55:35 +0000] "GET /img/logo-img.png HTTP/1.1" 404 155 "http://localhost:8000/css/header-38fb15e967.css" "Mozilla/5.0 (Macintosh; Intel Mac OS X 10_15_7) AppleWebKit/537.36 (KHTML, like Gecko) Chrome/98.0.4758.80 Safari/537.36"
::1 - - [09/Feb/2022:13:00:04 +0000] "GET /users/sign-in HTTP/1.1" 304 - "-" "Mozilla/5.0 (Macintosh; Intel Mac OS X 10_15_7) AppleWebKit/537.36 (KHTML, like Gecko) Chrome/98.0.4758.80 Safari/537.36"
::1 - - [09/Feb/2022:13:00:05 +0000] "GET /css/sign_in.css HTTP/1.1" 404 154 "http://localhost:8000/users/sign-in" "Mozilla/5.0 (Macintosh; Intel Mac OS X 10_15_7) AppleWebKit/537.36 (KHTML, like Gecko) Chrome/98.0.4758.80 Safari/537.36"
::1 - - [09/Feb/2022:13:00:05 +0000] "GET /js/forget-password.js HTTP/1.1" 404 160 "http://localhost:8000/users/sign-in" "Mozilla/5.0 (Macintosh; Intel Mac OS X 10_15_7) AppleWebKit/537.36 (KHTML, like Gecko) Chrome/98.0.4758.80 Safari/537.36"
::1 - - [09/Feb/2022:13:00:05 +0000] "GET /img/logo-img.png HTTP/1.1" 404 155 "http://localhost:8000/css/header-38fb15e967.css" "Mozilla/5.0 (Macintosh; Intel Mac OS X 10_15_7) AppleWebKit/537.36 (KHTML, like Gecko) Chrome/98.0.4758.80 Safari/537.36"
::1 - - [09/Feb/2022:13:00:06 +0000] "GET /users/sign-in HTTP/1.1" 304 - "-" "Mozilla/5.0 (Macintosh; Intel Mac OS X 10_15_7) AppleWebKit/537.36 (KHTML, like Gecko) Chrome/98.0.4758.80 Safari/537.36"
::1 - - [09/Feb/2022:13:00:06 +0000] "GET /css/sign_in.css HTTP/1.1" 404 154 "http://localhost:8000/users/sign-in" "Mozilla/5.0 (Macintosh; Intel Mac OS X 10_15_7) AppleWebKit/537.36 (KHTML, like Gecko) Chrome/98.0.4758.80 Safari/537.36"
::1 - - [09/Feb/2022:13:00:06 +0000] "GET /js/forget-password.js HTTP/1.1" 404 160 "http://localhost:8000/users/sign-in" "Mozilla/5.0 (Macintosh; Intel Mac OS X 10_15_7) AppleWebKit/537.36 (KHTML, like Gecko) Chrome/98.0.4758.80 Safari/537.36"
::1 - - [09/Feb/2022:13:00:26 +0000] "GET /js/forget-password.js HTTP/1.1" 404 160 "http://localhost:8000/users/sign-in" "Mozilla/5.0 (Macintosh; Intel Mac OS X 10_15_7) AppleWebKit/537.36 (KHTML, like Gecko) Chrome/98.0.4758.80 Safari/537.36"
::1 - - [09/Feb/2022:13:00:26 +0000] "GET /users/sign-in HTTP/1.1" 200 3197 "-" "Mozilla/5.0 (Macintosh; Intel Mac OS X 10_15_7) AppleWebKit/537.36 (KHTML, like Gecko) Chrome/98.0.4758.80 Safari/537.36"
::1 - - [09/Feb/2022:13:00:35 +0000] "GET /users/auth/google HTTP/1.1" 302 0 "http://localhost:8000/users/sign-in" "Mozilla/5.0 (Macintosh; Intel Mac OS X 10_15_7) AppleWebKit/537.36 (KHTML, like Gecko) Chrome/98.0.4758.80 Safari/537.36"
::1 - - [09/Feb/2022:13:00:39 +0000] "GET /users/auth/google/callback?code=4%2F0AX4XfWjQqzY7SUR5MKltC3wGQSfDPmQ95VvXohkTF7R1XHs6ZbY2QypkOynRMBju0f5l1A&scope=email+profile+https%3A%2F%2Fwww.googleapis.com%2Fauth%2Fuserinfo.profile+https%3A%2F%2Fwww.googleapis.com%2Fauth%2Fuserinfo.email+openid&authuser=0&prompt=consent HTTP/1.1" 302 88 "-" "Mozilla/5.0 (Macintosh; Intel Mac OS X 10_15_7) AppleWebKit/537.36 (KHTML, like Gecko) Chrome/98.0.4758.80 Safari/537.36"
::1 - - [09/Feb/2022:13:00:40 +0000] "GET / HTTP/1.1" 200 11698 "-" "Mozilla/5.0 (Macintosh; Intel Mac OS X 10_15_7) AppleWebKit/537.36 (KHTML, like Gecko) Chrome/98.0.4758.80 Safari/537.36"
::1 - - [09/Feb/2022:13:00:40 +0000] "GET /js/card.js HTTP/1.1" 404 149 "http://localhost:8000/" "Mozilla/5.0 (Macintosh; Intel Mac OS X 10_15_7) AppleWebKit/537.36 (KHTML, like Gecko) Chrome/98.0.4758.80 Safari/537.36"
::1 - - [09/Feb/2022:13:00:40 +0000] "GET /img/logo-img.png HTTP/1.1" 404 155 "http://localhost:8000/css/header-38fb15e967.css" "Mozilla/5.0 (Macintosh; Intel Mac OS X 10_15_7) AppleWebKit/537.36 (KHTML, like Gecko) Chrome/98.0.4758.80 Safari/537.36"
::1 - - [09/Feb/2022:13:01:22 +0000] "GET / HTTP/1.1" 304 - "-" "Mozilla/5.0 (Macintosh; Intel Mac OS X 10_15_7) AppleWebKit/537.36 (KHTML, like Gecko) Chrome/98.0.4758.80 Safari/537.36"
::1 - - [09/Feb/2022:13:01:22 +0000] "GET /img/logo-img.png HTTP/1.1" 404 155 "http://localhost:8000/css/header-38fb15e967.css" "Mozilla/5.0 (Macintosh; Intel Mac OS X 10_15_7) AppleWebKit/537.36 (KHTML, like Gecko) Chrome/98.0.4758.80 Safari/537.36"
::1 - - [09/Feb/2022:13:01:22 +0000] "GET /js/card.js HTTP/1.1" 404 149 "http://localhost:8000/" "Mozilla/5.0 (Macintosh; Intel Mac OS X 10_15_7) AppleWebKit/537.36 (KHTML, like Gecko) Chrome/98.0.4758.80 Safari/537.36"
::1 - - [09/Feb/2022:13:05:02 +0000] "GET / HTTP/1.1" 304 - "-" "Mozilla/5.0 (Macintosh; Intel Mac OS X 10_15_7) AppleWebKit/537.36 (KHTML, like Gecko) Chrome/98.0.4758.80 Safari/537.36"
::1 - - [09/Feb/2022:13:05:02 +0000] "GET /js/card.js HTTP/1.1" 404 149 "http://localhost:8000/" "Mozilla/5.0 (Macintosh; Intel Mac OS X 10_15_7) AppleWebKit/537.36 (KHTML, like Gecko) Chrome/98.0.4758.80 Safari/537.36"
::1 - - [09/Feb/2022:13:05:02 +0000] "GET /img/logo-img.png HTTP/1.1" 404 155 "http://localhost:8000/css/header-38fb15e967.css" "Mozilla/5.0 (Macintosh; Intel Mac OS X 10_15_7) AppleWebKit/537.36 (KHTML, like Gecko) Chrome/98.0.4758.80 Safari/537.36"
::1 - - [09/Feb/2022:13:05:31 +0000] "GET /users/sign-out HTTP/1.1" 302 58 "http://localhost:8000/" "Mozilla/5.0 (Macintosh; Intel Mac OS X 10_15_7) AppleWebKit/537.36 (KHTML, like Gecko) Chrome/98.0.4758.80 Safari/537.36"
::1 - - [09/Feb/2022:13:05:31 +0000] "GET /users/sign-in HTTP/1.1" 200 3470 "http://localhost:8000/" "Mozilla/5.0 (Macintosh; Intel Mac OS X 10_15_7) AppleWebKit/537.36 (KHTML, like Gecko) Chrome/98.0.4758.80 Safari/537.36"
::1 - - [09/Feb/2022:13:05:31 +0000] "GET /js/forget-password.js HTTP/1.1" 404 160 "http://localhost:8000/users/sign-in" "Mozilla/5.0 (Macintosh; Intel Mac OS X 10_15_7) AppleWebKit/537.36 (KHTML, like Gecko) Chrome/98.0.4758.80 Safari/537.36"
::1 - - [09/Feb/2022:13:05:31 +0000] "GET /img/logo-img.png HTTP/1.1" 404 155 "http://localhost:8000/css/header-38fb15e967.css" "Mozilla/5.0 (Macintosh; Intel Mac OS X 10_15_7) AppleWebKit/537.36 (KHTML, like Gecko) Chrome/98.0.4758.80 Safari/537.36"
::1 - - [09/Feb/2022:13:07:29 +0000] "GET /users/sign-up HTTP/1.1" 200 3975 "http://localhost:8000/users/sign-in" "Mozilla/5.0 (Macintosh; Intel Mac OS X 10_15_7) AppleWebKit/537.36 (KHTML, like Gecko) Chrome/98.0.4758.80 Safari/537.36"
::1 - - [09/Feb/2022:13:07:30 +0000] "GET /img/logo-img.png HTTP/1.1" 404 155 "http://localhost:8000/css/header-38fb15e967.css" "Mozilla/5.0 (Macintosh; Intel Mac OS X 10_15_7) AppleWebKit/537.36 (KHTML, like Gecko) Chrome/98.0.4758.80 Safari/537.36"
::1 - - [09/Feb/2022:13:07:34 +0000] "GET /users/sign-in HTTP/1.1" 200 3197 "http://localhost:8000/users/sign-up" "Mozilla/5.0 (Macintosh; Intel Mac OS X 10_15_7) AppleWebKit/537.36 (KHTML, like Gecko) Chrome/98.0.4758.80 Safari/537.36"
::1 - - [09/Feb/2022:13:07:34 +0000] "GET /js/forget-password.js HTTP/1.1" 404 160 "http://localhost:8000/users/sign-in" "Mozilla/5.0 (Macintosh; Intel Mac OS X 10_15_7) AppleWebKit/537.36 (KHTML, like Gecko) Chrome/98.0.4758.80 Safari/537.36"
::1 - - [09/Feb/2022:13:07:34 +0000] "GET /img/logo-img.png HTTP/1.1" 404 155 "http://localhost:8000/css/header-38fb15e967.css" "Mozilla/5.0 (Macintosh; Intel Mac OS X 10_15_7) AppleWebKit/537.36 (KHTML, like Gecko) Chrome/98.0.4758.80 Safari/537.36"
::1 - - [09/Feb/2022:13:07:35 +0000] "GET /users/auth/google HTTP/1.1" 302 0 "http://localhost:8000/users/sign-in" "Mozilla/5.0 (Macintosh; Intel Mac OS X 10_15_7) AppleWebKit/537.36 (KHTML, like Gecko) Chrome/98.0.4758.80 Safari/537.36"
::1 - - [09/Feb/2022:13:07:39 +0000] "GET /users/auth/google/callback?code=4%2F0AX4XfWgjvOPDKE4Uc1i6AFMUzuJJ9hrzGd15tI098kNBHd_SrDoEutQgUIM8m7kUT3UAZQ&scope=email+profile+https%3A%2F%2Fwww.googleapis.com%2Fauth%2Fuserinfo.profile+https%3A%2F%2Fwww.googleapis.com%2Fauth%2Fuserinfo.email+openid&authuser=0&prompt=consent HTTP/1.1" 302 88 "-" "Mozilla/5.0 (Macintosh; Intel Mac OS X 10_15_7) AppleWebKit/537.36 (KHTML, like Gecko) Chrome/98.0.4758.80 Safari/537.36"
::1 - - [09/Feb/2022:13:07:40 +0000] "GET / HTTP/1.1" 304 - "-" "Mozilla/5.0 (Macintosh; Intel Mac OS X 10_15_7) AppleWebKit/537.36 (KHTML, like Gecko) Chrome/98.0.4758.80 Safari/537.36"
::1 - - [09/Feb/2022:13:07:41 +0000] "GET /img/logo-img.png HTTP/1.1" 404 155 "http://localhost:8000/css/header-38fb15e967.css" "Mozilla/5.0 (Macintosh; Intel Mac OS X 10_15_7) AppleWebKit/537.36 (KHTML, like Gecko) Chrome/98.0.4758.80 Safari/537.36"
::1 - - [09/Feb/2022:13:07:41 +0000] "GET /js/card.js HTTP/1.1" 404 149 "http://localhost:8000/" "Mozilla/5.0 (Macintosh; Intel Mac OS X 10_15_7) AppleWebKit/537.36 (KHTML, like Gecko) Chrome/98.0.4758.80 Safari/537.36"
::1 - - [09/Feb/2022:13:11:08 +0000] "GET / HTTP/1.1" 304 - "-" "Mozilla/5.0 (Macintosh; Intel Mac OS X 10_15_7) AppleWebKit/537.36 (KHTML, like Gecko) Chrome/98.0.4758.80 Safari/537.36"
::1 - - [09/Feb/2022:13:11:08 +0000] "GET /js/card.js HTTP/1.1" 404 149 "http://localhost:8000/" "Mozilla/5.0 (Macintosh; Intel Mac OS X 10_15_7) AppleWebKit/537.36 (KHTML, like Gecko) Chrome/98.0.4758.80 Safari/537.36"
::1 - - [09/Feb/2022:13:11:08 +0000] "GET /img/logo-img.png HTTP/1.1" 404 155 "http://localhost:8000/css/header-38fb15e967.css" "Mozilla/5.0 (Macintosh; Intel Mac OS X 10_15_7) AppleWebKit/537.36 (KHTML, like Gecko) Chrome/98.0.4758.80 Safari/537.36"
::1 - - [09/Feb/2022:13:11:32 +0000] "GET / HTTP/1.1" 304 - "-" "Mozilla/5.0 (Macintosh; Intel Mac OS X 10_15_7) AppleWebKit/537.36 (KHTML, like Gecko) Chrome/98.0.4758.80 Safari/537.36"
::1 - - [09/Feb/2022:13:11:32 +0000] "GET /js/card.js HTTP/1.1" 404 149 "http://localhost:8000/" "Mozilla/5.0 (Macintosh; Intel Mac OS X 10_15_7) AppleWebKit/537.36 (KHTML, like Gecko) Chrome/98.0.4758.80 Safari/537.36"
::1 - - [09/Feb/2022:13:11:32 +0000] "GET /img/logo-img.png HTTP/1.1" 404 155 "http://localhost:8000/css/header-38fb15e967.css" "Mozilla/5.0 (Macintosh; Intel Mac OS X 10_15_7) AppleWebKit/537.36 (KHTML, like Gecko) Chrome/98.0.4758.80 Safari/537.36"
::1 - - [09/Feb/2022:13:25:26 +0000] "GET / HTTP/1.1" 200 11697 "-" "Mozilla/5.0 (Macintosh; Intel Mac OS X 10_15_7) AppleWebKit/537.36 (KHTML, like Gecko) Chrome/98.0.4758.80 Safari/537.36"
::1 - - [09/Feb/2022:13:25:26 +0000] "GET /css/footer-bb64bb1892.css HTTP/1.1" 404 164 "http://localhost:8000/" "Mozilla/5.0 (Macintosh; Intel Mac OS X 10_15_7) AppleWebKit/537.36 (KHTML, like Gecko) Chrome/98.0.4758.80 Safari/537.36"
::1 - - [09/Feb/2022:13:25:26 +0000] "GET /undefined HTTP/1.1" 404 148 "http://localhost:8000/" "Mozilla/5.0 (Macintosh; Intel Mac OS X 10_15_7) AppleWebKit/537.36 (KHTML, like Gecko) Chrome/98.0.4758.80 Safari/537.36"
::1 - - [09/Feb/2022:13:25:26 +0000] "GET /img/logo-img.png HTTP/1.1" 404 155 "http://localhost:8000/css/header-38fb15e967.css" "Mozilla/5.0 (Macintosh; Intel Mac OS X 10_15_7) AppleWebKit/537.36 (KHTML, like Gecko) Chrome/98.0.4758.80 Safari/537.36"
::1 - - [09/Feb/2022:13:25:36 +0000] "GET /favicon.ico HTTP/1.1" 404 150 "http://localhost:8000/" "Mozilla/5.0 (Macintosh; Intel Mac OS X 10_15_7) AppleWebKit/537.36 (KHTML, like Gecko) Chrome/98.0.4758.80 Safari/537.36"
::1 - - [09/Feb/2022:13:25:40 +0000] "GET /css/footer-bb64bb1892.css HTTP/1.1" 404 164 "http://localhost:8000/" "Mozilla/5.0 (Macintosh; Intel Mac OS X 10_15_7) AppleWebKit/537.36 (KHTML, like Gecko) Chrome/98.0.4758.80 Safari/537.36"
::1 - - [09/Feb/2022:13:25:47 +0000] "GET / HTTP/1.1" 304 - "-" "Mozilla/5.0 (Macintosh; Intel Mac OS X 10_15_7) AppleWebKit/537.36 (KHTML, like Gecko) Chrome/98.0.4758.80 Safari/537.36"
::1 - - [09/Feb/2022:13:25:48 +0000] "GET /css/footer-bb64bb1892.css HTTP/1.1" 404 164 "http://localhost:8000/" "Mozilla/5.0 (Macintosh; Intel Mac OS X 10_15_7) AppleWebKit/537.36 (KHTML, like Gecko) Chrome/98.0.4758.80 Safari/537.36"
::1 - - [09/Feb/2022:13:25:48 +0000] "GET /undefined HTTP/1.1" 404 148 "http://localhost:8000/" "Mozilla/5.0 (Macintosh; Intel Mac OS X 10_15_7) AppleWebKit/537.36 (KHTML, like Gecko) Chrome/98.0.4758.80 Safari/537.36"
::1 - - [09/Feb/2022:13:25:48 +0000] "GET /img/logo-img.png HTTP/1.1" 404 155 "http://localhost:8000/css/header-38fb15e967.css" "Mozilla/5.0 (Macintosh; Intel Mac OS X 10_15_7) AppleWebKit/537.36 (KHTML, like Gecko) Chrome/98.0.4758.80 Safari/537.36"
::1 - - [09/Feb/2022:13:27:50 +0000] "GET / HTTP/1.1" 200 11709 "-" "Mozilla/5.0 (Macintosh; Intel Mac OS X 10_15_7) AppleWebKit/537.36 (KHTML, like Gecko) Chrome/98.0.4758.80 Safari/537.36"
::1 - - [09/Feb/2022:13:27:50 +0000] "GET /css/footer-bb64bb1892.css HTTP/1.1" 404 164 "http://localhost:8000/" "Mozilla/5.0 (Macintosh; Intel Mac OS X 10_15_7) AppleWebKit/537.36 (KHTML, like Gecko) Chrome/98.0.4758.80 Safari/537.36"
::1 - - [09/Feb/2022:13:27:50 +0000] "GET /img/logo-img.png HTTP/1.1" 404 155 "http://localhost:8000/css/header-38fb15e967.css" "Mozilla/5.0 (Macintosh; Intel Mac OS X 10_15_7) AppleWebKit/537.36 (KHTML, like Gecko) Chrome/98.0.4758.80 Safari/537.36"
::1 - - [09/Feb/2022:13:27:53 +0000] "GET /match/contest?id=2555859&homeTeamName=dolphins&awayTeamName=warriors HTTP/1.1" 200 42922 "http://localhost:8000/" "Mozilla/5.0 (Macintosh; Intel Mac OS X 10_15_7) AppleWebKit/537.36 (KHTML, like Gecko) Chrome/98.0.4758.80 Safari/537.36"
::1 - - [09/Feb/2022:13:27:53 +0000] "GET /css/footer-bb64bb1892.css HTTP/1.1" 404 164 "http://localhost:8000/match/contest?id=2555859&homeTeamName=dolphins&awayTeamName=warriors" "Mozilla/5.0 (Macintosh; Intel Mac OS X 10_15_7) AppleWebKit/537.36 (KHTML, like Gecko) Chrome/98.0.4758.80 Safari/537.36"
::1 - - [09/Feb/2022:13:27:53 +0000] "GET /img/logo-img.png HTTP/1.1" 404 155 "http://localhost:8000/css/header-38fb15e967.css" "Mozilla/5.0 (Macintosh; Intel Mac OS X 10_15_7) AppleWebKit/537.36 (KHTML, like Gecko) Chrome/98.0.4758.80 Safari/537.36"
